<?xml version="1.0" encoding="UTF-8"?>
<!-- Generated by org.testng.reporters.JUnitReportReporter -->
<testsuite skipped="0" hostname="DESKTOP-LI8B4JC" name="retailBanking.TC.SmokeTest" tests="2" failures="0" timestamp="29 May 2019 08:24:33 GMT" time="94.090" errors="0">
  <testcase name="t_01_check_login" time="34.631" classname="retailBanking.TC.SmokeTest"/>
  <testcase name="t_02_check_transfer_funds" time="59.459" classname="retailBanking.TC.SmokeTest"/>
</testsuite> <!-- retailBanking.TC.SmokeTest -->
